[12:29:03] [Server thread/INFO]: Starting minecraft server version 1.12
[12:29:03] [Server thread/INFO]: Loading properties
[12:29:03] [Server thread/INFO]: Default game type: SURVIVAL
[12:29:03] [Server thread/INFO]: This server is running CraftBukkit version git-Spigot-596221b-9a1fc1e (MC: 1.12) (Implementing API version 1.12-R0.1-SNAPSHOT)
[12:29:03] [Server thread/INFO]: Debug logging is disabled
[12:29:03] [Server thread/INFO]: Using 4 threads for Netty based IO
[12:29:03] [Server thread/INFO]: Server Ping Player Sample Count: 12
[12:29:03] [Server thread/INFO]: Generating keypair
[12:29:03] [Server thread/INFO]: Starting Minecraft server on *:25565
[12:29:03] [Server thread/INFO]: Using default channel type
[12:29:04] [Server thread/INFO]: **** Beginning UUID conversion, this may take A LONG time ****
[12:29:04] [Server thread/INFO]: Preparing level "world"
[12:29:04] [Server thread/INFO]: -------- World Settings For [world] --------
[12:29:04] [Server thread/INFO]: Hopper Transfer: 8 Hopper Check: 1 Hopper Amount: 1
[12:29:04] [Server thread/INFO]: Entity Tracking Range: Pl 48 / An 48 / Mo 48 / Mi 32 / Other 64
[12:29:04] [Server thread/INFO]: Random Lighting Updates: false
[12:29:04] [Server thread/INFO]: Mob Spawn Range: 4
[12:29:04] [Server thread/INFO]: Entity Activation Range: An 32 / Mo 32 / Mi 16
[12:29:04] [Server thread/INFO]: Structure Info Saving: true
[12:29:04] [Server thread/INFO]: Max TNT Explosions: 100
[12:29:04] [Server thread/INFO]: Tile Max Tick Time: 50ms Entity max Tick Time: 50ms
[12:29:04] [Server thread/INFO]: Cactus Growth Modifier: 100%
[12:29:04] [Server thread/INFO]: Cane Growth Modifier: 100%
[12:29:04] [Server thread/INFO]: Melon Growth Modifier: 100%
[12:29:04] [Server thread/INFO]: Mushroom Growth Modifier: 100%
[12:29:04] [Server thread/INFO]: Pumpkin Growth Modifier: 100%
[12:29:04] [Server thread/INFO]: Sapling Growth Modifier: 100%
[12:29:04] [Server thread/INFO]: Wheat Growth Modifier: 100%
[12:29:04] [Server thread/INFO]: NetherWart Growth Modifier: 100%
[12:29:04] [Server thread/INFO]: Vine Growth Modifier: 100%
[12:29:04] [Server thread/INFO]: Cocoa Growth Modifier: 100%
[12:29:04] [Server thread/INFO]: Arrow Despawn Rate: 1200
[12:29:04] [Server thread/INFO]: Item Despawn Rate: 6000
[12:29:04] [Server thread/INFO]: Item Merge Radius: 2.5
[12:29:04] [Server thread/INFO]: Allow Zombie Pigmen to spawn from portal blocks: true
[12:29:04] [Server thread/INFO]: Custom Map Seeds:  Village: 10387312 Feature: 14357617 Monument: 10387313 Slime: 987234911
[12:29:04] [Server thread/INFO]: Zombie Aggressive Towards Villager: true
[12:29:04] [Server thread/INFO]: View Distance: 10
[12:29:04] [Server thread/INFO]: Nerfing mobs spawned from spawners: false
[12:29:04] [Server thread/INFO]: Experience Merge Radius: 3.0
[12:29:05] [Server thread/INFO]: -------- World Settings For [world_nether] --------
[12:29:05] [Server thread/INFO]: Hopper Transfer: 8 Hopper Check: 1 Hopper Amount: 1
[12:29:05] [Server thread/INFO]: Entity Tracking Range: Pl 48 / An 48 / Mo 48 / Mi 32 / Other 64
[12:29:05] [Server thread/INFO]: Random Lighting Updates: false
[12:29:05] [Server thread/INFO]: Mob Spawn Range: 4
[12:29:05] [Server thread/INFO]: Entity Activation Range: An 32 / Mo 32 / Mi 16
[12:29:05] [Server thread/INFO]: Structure Info Saving: true
[12:29:05] [Server thread/INFO]: Max TNT Explosions: 100
[12:29:05] [Server thread/INFO]: Tile Max Tick Time: 50ms Entity max Tick Time: 50ms
[12:29:05] [Server thread/INFO]: Cactus Growth Modifier: 100%
[12:29:05] [Server thread/INFO]: Cane Growth Modifier: 100%
[12:29:05] [Server thread/INFO]: Melon Growth Modifier: 100%
[12:29:05] [Server thread/INFO]: Mushroom Growth Modifier: 100%
[12:29:05] [Server thread/INFO]: Pumpkin Growth Modifier: 100%
[12:29:05] [Server thread/INFO]: Sapling Growth Modifier: 100%
[12:29:05] [Server thread/INFO]: Wheat Growth Modifier: 100%
[12:29:05] [Server thread/INFO]: NetherWart Growth Modifier: 100%
[12:29:05] [Server thread/INFO]: Vine Growth Modifier: 100%
[12:29:05] [Server thread/INFO]: Cocoa Growth Modifier: 100%
[12:29:05] [Server thread/INFO]: Arrow Despawn Rate: 1200
[12:29:05] [Server thread/INFO]: Item Despawn Rate: 6000
[12:29:05] [Server thread/INFO]: Item Merge Radius: 2.5
[12:29:05] [Server thread/INFO]: Allow Zombie Pigmen to spawn from portal blocks: true
[12:29:05] [Server thread/INFO]: Custom Map Seeds:  Village: 10387312 Feature: 14357617 Monument: 10387313 Slime: 987234911
[12:29:05] [Server thread/INFO]: Zombie Aggressive Towards Villager: true
[12:29:05] [Server thread/INFO]: View Distance: 10
[12:29:05] [Server thread/INFO]: Nerfing mobs spawned from spawners: false
[12:29:05] [Server thread/INFO]: Experience Merge Radius: 3.0
[12:29:05] [Server thread/INFO]: -------- World Settings For [world_the_end] --------
[12:29:05] [Server thread/INFO]: Hopper Transfer: 8 Hopper Check: 1 Hopper Amount: 1
[12:29:05] [Server thread/INFO]: Entity Tracking Range: Pl 48 / An 48 / Mo 48 / Mi 32 / Other 64
[12:29:05] [Server thread/INFO]: Random Lighting Updates: false
[12:29:05] [Server thread/INFO]: Mob Spawn Range: 4
[12:29:05] [Server thread/INFO]: Entity Activation Range: An 32 / Mo 32 / Mi 16
[12:29:05] [Server thread/INFO]: Structure Info Saving: true
[12:29:05] [Server thread/INFO]: Max TNT Explosions: 100
[12:29:05] [Server thread/INFO]: Tile Max Tick Time: 50ms Entity max Tick Time: 50ms
[12:29:05] [Server thread/INFO]: Cactus Growth Modifier: 100%
[12:29:05] [Server thread/INFO]: Cane Growth Modifier: 100%
[12:29:05] [Server thread/INFO]: Melon Growth Modifier: 100%
[12:29:05] [Server thread/INFO]: Mushroom Growth Modifier: 100%
[12:29:05] [Server thread/INFO]: Pumpkin Growth Modifier: 100%
[12:29:05] [Server thread/INFO]: Sapling Growth Modifier: 100%
[12:29:05] [Server thread/INFO]: Wheat Growth Modifier: 100%
[12:29:05] [Server thread/INFO]: NetherWart Growth Modifier: 100%
[12:29:05] [Server thread/INFO]: Vine Growth Modifier: 100%
[12:29:05] [Server thread/INFO]: Cocoa Growth Modifier: 100%
[12:29:05] [Server thread/INFO]: Arrow Despawn Rate: 1200
[12:29:05] [Server thread/INFO]: Item Despawn Rate: 6000
[12:29:05] [Server thread/INFO]: Item Merge Radius: 2.5
[12:29:05] [Server thread/INFO]: Allow Zombie Pigmen to spawn from portal blocks: true
[12:29:05] [Server thread/INFO]: Custom Map Seeds:  Village: 10387312 Feature: 14357617 Monument: 10387313 Slime: 987234911
[12:29:05] [Server thread/INFO]: Zombie Aggressive Towards Villager: true
[12:29:05] [Server thread/INFO]: View Distance: 10
[12:29:05] [Server thread/INFO]: Nerfing mobs spawned from spawners: false
[12:29:05] [Server thread/INFO]: Experience Merge Radius: 3.0
[12:29:05] [Server thread/INFO]: Preparing start region for level 0 (Seed: -706672831827890141)
[12:29:06] [Server thread/INFO]: Preparing spawn area: 6%
[12:29:07] [Server thread/INFO]: Preparing spawn area: 10%
[12:29:08] [Server thread/INFO]: Preparing spawn area: 18%
[12:29:09] [Server thread/INFO]: Preparing spawn area: 31%
[12:29:10] [Server thread/INFO]: Preparing spawn area: 45%
[12:29:11] [Server thread/INFO]: Preparing spawn area: 59%
[12:29:12] [Server thread/INFO]: Preparing spawn area: 75%
[12:29:13] [Server thread/INFO]: Preparing spawn area: 92%
[12:29:14] [Server thread/INFO]: Preparing start region for level 1 (Seed: -706672831827890141)
[12:29:15] [Server thread/INFO]: Preparing spawn area: 14%
[12:29:16] [Server thread/INFO]: Preparing spawn area: 33%
[12:29:17] [Server thread/INFO]: Preparing spawn area: 48%
[12:29:18] [Server thread/INFO]: Preparing spawn area: 61%
[12:29:19] [Server thread/INFO]: Preparing spawn area: 85%
[12:29:20] [Server thread/INFO]: Preparing start region for level 2 (Seed: -706672831827890141)
[12:29:21] [Server thread/INFO]: Preparing spawn area: 54%
[12:29:21] [Server thread/INFO]: Done (17,719s)! For help, type "help" or "?"
[12:31:22] [User Authenticator #1/INFO]: UUID of player DasPechNaamWeg is 6d597585-dac2-403e-bd8f-bea64f0ac4e4
[12:31:22] [Server thread/INFO]: DasPechNaamWeg[/127.0.0.1:65139] logged in with entity id 1925 at ([world]-154.5, 64.0, 247.5)
[12:31:40] [Server thread/INFO]: Opped daspechnaamweg
[12:31:44] [Server thread/INFO]: DasPechNaamWeg issued server command: /gamemode 1
[12:31:44] [Server thread/INFO]: [DasPechNaamWeg: Set own game mode to Creative Mode]
[12:31:57] [Server thread/INFO]: DasPechNaamWeg issued server command: /give
[12:32:00] [Server thread/INFO]: DasPechNaamWeg issued server command: /a
[12:32:01] [Server thread/INFO]: DasPechNaamWeg issued server command: /a
[12:32:08] [Server thread/INFO]: DasPechNaamWeg issued server command: /say hoi
[12:32:08] [Server thread/INFO]: [DasPechNaamWeg] hoi
[14:40:57] [Server thread/INFO]: DasPechNaamWeg issued server command: /DAY
[14:41:14] [Server thread/INFO]: DasPechNaamWeg issued server command: /time set day
[14:41:14] [Server thread/INFO]: [DasPechNaamWeg: Set the time to 1000]
[14:44:59] [Server thread/INFO]: DasPechNaamWeg issued server command: /weather clear
[14:44:59] [Server thread/INFO]: [DasPechNaamWeg: Changing to clear weather]
[14:47:07] [Server thread/INFO]: DasPechNaamWeg lost connection: Disconnected
[14:47:07] [Server thread/INFO]: DasPechNaamWeg left the game
